<?xml version="1.0" encoding="UTF-8"?>
<!-- Generated by org.testng.reporters.JUnitReportReporter -->
<testsuite hostname="DESKTOP-O28EHK6" failures="0" tests="26" name="testcases.TopBarNavigationValidation" time="9.923" errors="0" timestamp="2022-05-10T19:27:36 EDT" skipped="0">
  <testcase classname="testcases.TopBarNavigationValidation" name="BlogUrlNavigation" time="0.573"/>
  <testcase classname="testcases.TopBarNavigationValidation" name="AboutHarmonizeUrlNavigation" time="0.509"/>
  <testcase classname="testcases.TopBarNavigationValidation" name="HomeBarValidation" time="0.105"/>
  <testcase classname="testcases.TopBarNavigationValidation" name="AboutHarmonizeUrlNavigation" time="0.758"/>
  <testcase classname="testcases.TopBarNavigationValidation" name="BlogUrlNavigation" time="0.631"/>
  <testcase classname="testcases.TopBarNavigationValidation" name="HomeBarValidation" time="0.147"/>
  <testcase classname="testcases.TopBarNavigationValidation" name="HomeBarNavigation" time="0.274"/>
  <testcase classname="testcases.TopBarNavigationValidation" name="HomeBarNavigation" time="0.294"/>
  <testcase classname="testcases.TopBarNavigationValidation" name="ProvidersBarsValidation" time="0.085"/>
  <testcase classname="testcases.TopBarNavigationValidation" name="ProvidersBarsValidation" time="0.109"/>
  <testcase classname="testcases.TopBarNavigationValidation" name="ProvidersBarsNavigation" time="0.330"/>
  <testcase classname="testcases.TopBarNavigationValidation" name="ProvidersBarsNavigation" time="0.412"/>
  <testcase classname="testcases.TopBarNavigationValidation" name="PatientsBarValidation" time="0.142"/>
  <testcase classname="testcases.TopBarNavigationValidation" name="PatientsBarValidation" time="0.124"/>
  <testcase classname="testcases.TopBarNavigationValidation" name="PatientsUrlNavigation" time="2.149"/>
  <testcase classname="testcases.TopBarNavigationValidation" name="PatientsUrlNavigation" time="0.439"/>
  <testcase classname="testcases.TopBarNavigationValidation" name="PlatformBarValidation" time="0.160"/>
  <testcase classname="testcases.TopBarNavigationValidation" name="PlatformBarValidation" time="0.124"/>
  <testcase classname="testcases.TopBarNavigationValidation" name="PlatformUrlNavigation" time="0.711"/>
  <testcase classname="testcases.TopBarNavigationValidation" name="PlatformUrlNavigation" time="0.444"/>
  <testcase classname="testcases.TopBarNavigationValidation" name="ResourcesBarValidation" time="0.113"/>
  <testcase classname="testcases.TopBarNavigationValidation" name="ResourcesBarValidation" time="0.144"/>
  <testcase classname="testcases.TopBarNavigationValidation" name="ContactUsBarValidation" time="0.110"/>
  <testcase classname="testcases.TopBarNavigationValidation" name="ContactUsBarValidation" time="0.161"/>
  <testcase classname="testcases.TopBarNavigationValidation" name="ContactUsUrlNavigation" time="0.512"/>
  <testcase classname="testcases.TopBarNavigationValidation" name="ContactUsUrlNavigation" time="0.363"/>
</testsuite> <!-- testcases.TopBarNavigationValidation -->
