<?xml version="1.0" encoding="UTF-8"?>
<!-- Generated by org.testng.reporters.JUnitReportReporter -->
<testsuite hostname="DESKTOP-O28EHK6" failures="0" tests="2" name="testcases.RequestDemoTest" time="5.905" errors="0" timestamp="2022-05-10T19:27:36 EDT" skipped="0">
  <testcase classname="testcases.RequestDemoTest" name="validateRequestDemo" time="2.442"/>
  <testcase classname="testcases.RequestDemoTest" name="validateRequestDemo" time="3.463"/>
</testsuite> <!-- testcases.RequestDemoTest -->
